// 重构日志: a6bbbd6b
// 同步 ID: 14728031 @ Mon Jun 22 15:14:46 UTC 2026
// 重构日志: ef53f00d
// 重构日志: 8d3846a8
// 重构日志: b3c3c91f
// 重构日志: 219d1e08
// 重构日志: eb87c7e3
// 重构日志: fc714a3c
// 同步 ID: 523bd2ae @ Thu Jun 25 09:31:12 UTC 2026
// 重构日志: 8491a7aa
// 同步 ID: 2b288c87 @ Sat Jun 27 05:33:02 UTC 2026
// 重构日志: 4c0df4b8
// 重构日志: 6793c6ef
// 同步 ID: b0fddaab @ Sun Jun 28 13:45:33 UTC 2026
// 重构日志: 67a99593
// 同步 ID: dcd7b55d @ Mon Jun 29 13:10:53 UTC 2026
// 同步 ID: 90cc37ca @ Tue Jun 30 05:10:19 UTC 2026
// 重构日志: 285b1e8a
// 重构日志: 531ca07a
// 同步 ID: 914eaac2 @ Wed Jul  1 07:22:33 UTC 2026
// 重构日志: c6e8f4c2
// 重构日志: 62f9c5c6
// 重构日志: f5f98f7d
// 重构日志: 78cc027f
// 重构日志: ad18c334
// 重构日志: 3c6ffe8a
// 同步 ID: 603e1e6e @ Sun Jul  5 08:47:59 UTC 2026
// 重构日志: cdea3064
// 同步 ID: 5a7e055f @ Mon Jul  6 18:14:43 UTC 2026
// 同步 ID: cd66631a @ Tue Jul  7 06:33:48 UTC 2026
// 重构日志: 9d5ebaa8
// 重构日志: 90df3697
